INFO:root:BTO 1 shares of SPY at 430 on 2021-08-20 00:00:00
INFO:root:BTO 1 shares of SPY at 430 on 2021-08-20 00:00:00
INFO:root:added 2 shares of SPY at 440 on 2021-09-10
INFO:root:BTO 1 shares of SPY at 430 on 2021-08-20 00:00:00
INFO:root:added 2 shares of SPY at 440 on 2021-09-10
INFO:root:BTO 1 shares of SPY at 430 on 2021-08-20 00:00:00
INFO:root:added 2 shares of SPY at 440 on 2021-09-10
INFO:root:BTO 1 shares of SPY at 430 on 2021-08-20 00:00:00
INFO:root:added 2 shares of SPY at 440 on 2021-09-10
INFO:root:BTO 1 shares of SPY at 430 on 2021-08-20 00:00:00
INFO:root:added 2 shares of SPY at 440 on 2021-09-10
INFO:root:BTO 1 shares of SPY at 430 on 2021-08-20 00:00:00
INFO:root:added 2 shares of SPY at 440 on 2021-09-10
INFO:root:BTO 1 shares of SPY at 430 on 2021-08-20 00:00:00
INFO:root:added 2 shares of SPY at 440 on 2021-09-10
INFO:root:BTO 1 shares of SPY at 430 on 2021-08-20 00:00:00
INFO:root:added 2 shares of SPY at 440 on 2021-09-10
INFO:root:BTO 1 shares of SPY at 430 on 2021-08-20 00:00:00
INFO:root:added 2 shares of SPY at 440 on 2021-09-10
INFO:root:BTO 1 shares of SPY at 430 on 2021-08-20 00:00:00
INFO:root:added 2 shares of SPY at 440 on 2021-09-10
INFO:root:BTO 1 shares of SPY at 430 on 2021-08-20 00:00:00
INFO:root:added 2 shares of SPY at 440 on 2021-09-10
INFO:root:BTO 1 shares of SPY at 430 on 2021-08-20 00:00:00
INFO:root:added 2 shares of SPY at 440 on 2021-09-10
INFO:root:BTO 1 shares of SPY at 430 on 2021-08-20 00:00:00
INFO:root:added 2 shares of SPY at 440 on 2021-09-10
INFO:root:BTO 1 shares of SPY at 430 on 2021-08-20 00:00:00
INFO:root:added 2 shares of SPY at 440 on 2021-09-10
INFO:root:BTO 1 shares of SPY at 430 on 2021-08-20 00:00:00
INFO:root:added 2 shares of SPY at 440 on 2021-09-10
INFO:root:BTO 1 shares of SPY at 430 on 2021-08-20 00:00:00
INFO:root:added 2 shares of SPY at 440 on 2021-09-10
INFO:root:BTO 1 shares of SPY at 430 on 2021-08-20 00:00:00
INFO:root:added 2 shares of SPY at 440 on 2021-09-10
INFO:root:BTO 1 shares of SPY at 430 on 2021-08-20 00:00:00
INFO:root:added 2 shares of SPY at 440 on 2021-09-10
INFO:root:BTO 1 shares of SPY at 430 on 2021-08-20 00:00:00
INFO:root:added 2 shares of SPY at 440 on 2021-09-10
INFO:root:BTO 1 shares of SPY at 430 on 2021-08-20 00:00:00
INFO:root:added 2 shares of SPY at 440 on 2021-09-10
INFO:root:BTO 1 shares of SPY at 430 on 2021-08-20 00:00:00
INFO:root:added 2 shares of SPY at 440 on 2021-09-10
INFO:root:BTO 1 shares of SPY at 430 on 2021-08-20 00:00:00
INFO:root:added 2 shares of SPY at 440 on 2021-09-10
INFO:root:BTO 1 shares of SPY at 430 on 2021-08-20 00:00:00
INFO:root:added 2 shares of SPY at 440 on 2021-09-10
INFO:root:BTO 1 shares of SPY at 430 on 2021-08-20 00:00:00
INFO:root:added 2 shares of SPY at 440 on 2021-09-10
INFO:root:BTO 1 shares of SPY at 430 on 2021-08-20 00:00:00
INFO:root:added 2 shares of SPY at 440 on 2021-09-10
INFO:root:BTO 1 shares of SPY at 430 on 2021-09-18 00:00:00
INFO:root:added 2 shares of SPY at 440 on 2021-09-10
INFO:root:BTO 1 shares of SPY at 430 on 2021-08-20 00:00:00
INFO:root:added 2 shares of SPY at 440 on 2021-09-10
INFO:root:BTO 1 shares of SPY at 430 on 2021-08-20 00:00:00
INFO:root:added 2 shares of SPY at 440 on 2021-09-10
INFO:root:BTO 1 shares of SPY at 430 on 2021-08-20 00:00:00
INFO:root:BTO 1 shares of SPY at 430 on 2021-08-20 00:00:00
INFO:root:BTO 1 shares of SPY at 430 on 2021-08-20 00:00:00
INFO:root:added 2 shares of SPY at 440 on 2021-09-20
INFO:root:BTO 1 shares of SPY at 430 on 2021-08-20 00:00:00
INFO:root:added 2 shares of SPY at 440 on 2021-09-20
INFO:root:BTO 1 shares of SPY at 430 on 2021-08-20 00:00:00
INFO:root:added 2 shares of SPY at 440 on 2021-09-20
INFO:root:BTO 1 shares of SPY at 430 on 2021-08-20 00:00:00
INFO:root:added 2 shares of SPY at 440 on 2021-09-20
INFO:root:BTO 1 shares of SPY at 430 on 2021-08-20 00:00:00
INFO:root:added 2 shares of SPY at 440 on 2021-09-20
INFO:root:BTO 1 shares of SPY at 430 on 2021-08-20 00:00:00
INFO:root:added 2 shares of SPY at 440 on 2021-09-20
INFO:root:BTO 1 shares of SPY at 430 on 2020-08-20 00:00:00
INFO:root:BTO 1 shares of SPY at 430 on 2020-08-20 00:00:00
INFO:root:added 2 shares of SPY at 440 on 2020-09-23
INFO:root:BTO 1 shares of SPY at 430 on 2020-08-20 00:00:00
INFO:root:added 2 shares of SPY at 440 on 2020-09-23
INFO:root:BTO 1 shares of SPY at 430 on 2020-08-20 00:00:00
INFO:root:added 2 shares of SPY at 440 on 2020-09-23
INFO:root:BTO 1 shares of SPY at 430 on 2020-08-20 00:00:00
INFO:root:added 2 shares of SPY at 440 on 2020-09-23
INFO:root:BTO 1 shares of SPY at 430 on 2020-08-20 00:00:00
INFO:root:added 2 shares of SPY at 440 on 2020-09-23
INFO:root:BTO 1 shares of SPY at 430 on 2020-08-20 00:00:00
INFO:root:added 2 shares of SPY at 440 on 2020-09-23
INFO:root:BTO 1 shares of SPY at 430 on 2020-08-20 00:00:00
INFO:root:added 2 shares of SPY at 440 on 2020-09-23
INFO:root:BTO 1 shares of SPY at 430 on 2020-08-20 00:00:00
INFO:root:added 2 shares of SPY at 440 on 2020-09-23
INFO:root:BTO 1 shares of SPY at 430 on 2020-08-20 00:00:00
INFO:root:added 2 shares of SPY at 440 on 2020-09-23
INFO:root:BTO 1 shares of SPY at 430 on 2020-08-20 00:00:00
INFO:root:added 2 shares of SPY at 440 on 2020-09-23
INFO:root:BTO 1 shares of SPY at 430 on 2020-08-20 00:00:00
INFO:root:added 2 shares of SPY at 440 on 2020-09-23
INFO:root:BTO 1 shares of SPY at 430 on 2020-08-20 00:00:00
INFO:root:added 2 shares of SPY at 440 on 2020-09-23
INFO:root:BTO 1 shares of SPY at 430 on 2020-08-20 00:00:00
INFO:root:added 2 shares of SPY at 440 on 2020-09-23
INFO:root:BTO 1 shares of SPY at 430 on 2020-08-20 00:00:00
INFO:root:added 2 shares of SPY at 440 on 2020-09-23
INFO:root:BTO 1 shares of SPY at 430 on 2020-08-20 00:00:00
INFO:root:added 2 shares of SPY at 440 on 2020-09-23
INFO:root:BTO 1 shares of SPY at 430 on 2020-08-20 00:00:00
INFO:root:added 2 shares of SPY at 440 on 2020-09-23
INFO:root:STC 0 shares of SPY at 440 on 2021-01-13
INFO:root:BTO 1 shares of SPY at 430 on 2020-08-20 00:00:00
INFO:root:added 2 shares of SPY at 440 on 2020-09-23
INFO:root:STC 0 shares of SPY at 440 on 2021-01-13
INFO:root:BTO 1 shares of SPY at 430 on 2020-08-20 00:00:00
INFO:root:added 2 shares of SPY at 440 on 2020-09-23
INFO:root:STC 0 shares of SPY at 440 on 2021-01-13
INFO:root:BTO 1 shares of SPY at 430 on 2020-08-20 00:00:00
INFO:root:added 2 shares of SPY at 440 on 2020-09-23
INFO:root:STC 3 shares of SPY at 440 on 2021-01-13
INFO:root:BTO 1 shares of SPY at 430 on 2020-08-20 00:00:00
INFO:root:added 2 shares of SPY at 440 on 2020-09-23
INFO:root:STC 3 shares of SPY at 440 on 2021-01-13
INFO:root:BTO 1 shares of SPY at 430 on 2020-08-20 00:00:00
INFO:root:added 2 shares of SPY at 440 on 2020-09-23
INFO:root:STC 3 shares of SPY at 440 on 2021-01-13
INFO:root:BTO 1 shares of SPY at 430 on 2020-08-20 00:00:00
INFO:root:added 2 shares of SPY at 440 on 2020-09-23
INFO:root:STC 3 shares of SPY at 440 on 2021-01-13
INFO:root:BTO 1 shares of SPY at 430 on 2020-08-20 00:00:00
INFO:root:added 2 shares of SPY at 440 on 2020-09-23
INFO:root:STC 3 shares of SPY at 440 on 2021-01-13
INFO:root:BTO 1 shares of SPY at 430 on 2020-08-20 00:00:00
INFO:root:added 2 shares of SPY at 440 on 2020-09-23
INFO:root:STC 3 shares of SPY at 440 on 2021-01-13
INFO:root:BTO 1 shares of SPY at 430 on 2020-08-20 00:00:00
INFO:root:added 2 shares of SPY at 440 on 2020-09-23
INFO:root:STC 3 shares of SPY at 440 on 2021-01-13
INFO:root:BTO 1 shares of SPY at 430 on 2020-08-20 00:00:00
INFO:root:added 2 shares of SPY at 440 on 2020-09-23
INFO:root:STC 3 shares of SPY at 440 on 2021-01-13
INFO:root:BTO 1 shares of SPY at 430 on 2020-08-20 00:00:00
INFO:root:added 2 shares of SPY at 440 on 2020-09-23
INFO:root:STC 3 shares of SPY at 440 on 2021-01-13
INFO:root:BTO 1 shares of SPY at 430 on 2020-08-20 00:00:00
INFO:root:added 2 shares of SPY at 440 on 2020-09-23
INFO:root:STC 3 shares of SPY at 440 on 2021-01-13
INFO:root:BTO 1 shares of SPY at 430 on 2020-08-20 00:00:00
INFO:root:added 2 shares of SPY at 440 on 2020-09-23
INFO:root:STC 3 shares of SPY at 440 on 2021-01-13
INFO:root:BTO 1 shares of SPY at 430 on 2020-08-20
INFO:root:added 2 shares of SPY at 440 on 2020-09-23
INFO:root:STC 3 shares of SPY at 440 on 2021-01-13
INFO:root:BTO 1 shares of SPY at 430 on 2020-08-20
INFO:root:added 2 shares of SPY at 440 on 2020-09-23
INFO:root:STC 3 shares of SPY at 440 on 2021-01-13
INFO:root:BTO 1 shares of SPY at 430 on 2020-08-20
INFO:root:added 2 shares of SPY at 440 on 2020-09-23
INFO:root:STC 3 shares of SPY at 440 on 2021-01-13
INFO:root:BTO 1 shares of SPY at 430 on 2020-08-20
INFO:root:added 2 shares of SPY at 440 on 2020-09-23
INFO:root:STC 3 shares of SPY at 440 on 2021-01-13
INFO:root:BTO 1 shares of SPY at 430 on 2020-08-20
INFO:root:added 2 shares of SPY at 440 on 2020-09-23
INFO:root:STC 3 shares of SPY at 440 on 2021-01-13
INFO:root:BTO 1 shares of SPY at 430 on 2020-08-20
INFO:root:added 2 shares of SPY at 440 on 2020-09-23
INFO:root:STC 3 shares of SPY at 440 on 2021-01-13
INFO:root:BTO 1 shares of SPY at 430 on 2020-08-20
INFO:root:added 2 shares of SPY at 440 on 2020-09-23
INFO:root:STC 3 shares of SPY at 440 on 2021-01-13
INFO:root:BTO 1 shares of SPY at 430 on 2020-08-20
INFO:root:added 2 shares of SPY at 440 on 2020-09-23
INFO:root:STC 3 shares of SPY at 440 on 2021-01-13
INFO:root:BTO 1 shares of SPY at 430 on 2020-08-20
INFO:root:added 2 shares of SPY at 440 on 2020-09-23
INFO:root:STC 3 shares of SPY at 440 on 2021-01-13
INFO:root:BTO 1 shares of SPY at 430 on 2020-08-20
INFO:root:added 2 shares of SPY at 440 on 2020-09-23
INFO:root:STC 3 shares of SPY at 440 on 2021-01-13
INFO:root:BTO 1 shares of SPY at 430 on 2020-08-20
INFO:root:added 2 shares of SPY at 440 on 2020-09-23
INFO:root:STC 3 shares of SPY at 440 on 2021-01-13
INFO:root:BTO 1 shares of SPY at 430 on 2020-08-20
INFO:root:added 2 shares of SPY at 440 on 2020-09-23
INFO:root:STC 3 shares of SPY at 440 on 2021-01-13
INFO:root:BTO 1 shares of SPY at 430 on 2020-08-20
INFO:root:added 2 shares of SPY at 440 on 2020-09-23
INFO:root:STC 3 shares of SPY at 440 on 2021-01-13
INFO:root:BTO 1 shares of SPY at 430 on 2020-08-20
INFO:root:added 2 shares of SPY at 440 on 2020-09-23
INFO:root:STC 3 shares of SPY at 440 on 2021-01-13
INFO:root:BTO 1 shares of SPY at 430 on 2020-08-20
INFO:root:added 2 shares of SPY at 440 on 2020-09-23
INFO:root:STC 3 shares of SPY at 440 on 2021-01-13
INFO:root:BTO 1 shares of SPY at 430 on 2020-08-20
INFO:root:added 2 shares of SPY at 440 on 2020-09-23
INFO:root:STC 3 shares of SPY at 440 on 2021-01-13
INFO:root:BTO 1 shares of SPY at 430 on 2020-08-20
INFO:root:added 2 shares of SPY at 440 on 2020-09-23
INFO:root:STC 3 shares of SPY at 440 on 2021-01-13
INFO:root:BTO 1 shares of SPY at 430 on 2020-08-20
INFO:root:added 2 shares of SPY at 440 on 2020-09-23
INFO:root:STC 3 shares of SPY at 440 on 2021-01-13
INFO:root:BTO 1 shares of SPY at 430 on 2020-08-20
INFO:root:added 2 shares of SPY at 440 on 2020-09-23
INFO:root:STC 3 shares of SPY at 440 on 2021-01-13
INFO:root:BTO 1 shares of SPY at 430 on 2020-08-20
INFO:root:added 2 shares of SPY at 440 on 2020-09-23
INFO:root:STC 3 shares of SPY at 440 on 2021-01-13
INFO:root:BTO 1 shares of SPY at 430 on 2020-08-20
INFO:root:added 2 shares of SPY at 440 on 2020-09-23
INFO:root:STC 3 shares of SPY at 440 on 2021-01-13
INFO:root:BTO 1 shares of SPY at 430 on 2020-08-20
INFO:root:added 2 shares of SPY at 440 on 2020-09-23
INFO:root:STC 3 shares of SPY at 440 on 2021-01-13
INFO:root:BTO 1 shares of SPY at 430 on 2020-08-20
INFO:root:added 2 shares of SPY at 440 on 2020-09-23
INFO:root:STC 3 shares of SPY at 440 on 2021-01-13
INFO:root:BTO 1 shares of SPY at 430 on 2020-08-20
INFO:root:added 2 shares of SPY at 440 on 2020-09-23
INFO:root:STC 3 shares of SPY at 440 on 2021-01-13
INFO:root:BTO 1 shares of SPY at 430 on 2020-08-20
INFO:root:added 2 shares of SPY at 440 on 2020-09-23
INFO:root:STC 3 shares of SPY at 440 on 2021-01-13
INFO:root:BTO 1 shares of SPY at 430 on 2020-08-20
INFO:root:added 2 shares of SPY at 440 on 2020-09-23
INFO:root:STC 3 shares of SPY at 440 on 2021-01-13
INFO:root:BTO 1 shares of SPY at 430 on 2020-08-20
INFO:root:added 2 shares of SPY at 440 on 2020-09-23
INFO:root:STC 3 shares of SPY at 440 on 2021-01-13
INFO:root:BTO 1 shares of SPY at 430 on 2020-08-20
INFO:root:added 2 shares of SPY at 440 on 2020-09-23
INFO:root:STC 3 shares of SPY at 440 on 2021-01-13
INFO:root:BTO 1 shares of SPY at 430 on 2020-08-20
INFO:root:added 2 shares of SPY at 440 on 2020-09-23
INFO:root:STC 3 shares of SPY at 440 on 2021-01-13
INFO:root:BTO 1 shares of SPY at 430 on 2020-08-20
INFO:root:added 2 shares of SPY at 440 on 2020-09-23
INFO:root:STC 3 shares of SPY at 440 on 2021-01-13
INFO:root:BTO 1 shares of SPY at 430 on 2020-08-20
INFO:root:added 2 shares of SPY at 440 on 2020-09-23
INFO:root:STC 3 shares of SPY at 440 on 2021-01-13
INFO:root:BTO 1 shares of SPY at 430 on 2020-08-20
INFO:root:added 2 shares of SPY at 440 on 2020-09-23
INFO:root:STC 3 shares of SPY at 440 on 2021-01-13
INFO:root:BTO 1 shares of SPY at 430 on 2020-08-20
INFO:root:added 2 shares of SPY at 440 on 2020-09-23
INFO:root:STC 3 shares of SPY at 440 on 2021-01-13
INFO:root:BTO 1 shares of SPY at 430 on 2020-08-20
INFO:root:added 2 shares of SPY at 440 on 2020-09-23
INFO:root:STC 3 shares of SPY at 440 on 2021-01-13
INFO:root:BTO 1 shares of SPY at 430 on 2020-08-20
INFO:root:added 2 shares of SPY at 440 on 2020-09-23
INFO:root:sold 2 shares of SPY at 440 on 2021-01-13
INFO:root:BTO 1 shares of SPY at 430 on 2020-08-20
INFO:root:added 2 shares of SPY at 440 on 2020-09-23
INFO:root:sold 2 shares of SPY at 440 on 2021-01-13
INFO:root:BTO 1 shares of SPY at 430 on 2020-08-20
INFO:root:added 2 shares of SPY at 440 on 2020-09-23
INFO:root:sold 2 shares of SPY at 440 on 2021-01-13
INFO:root:BTO 1 shares of SPY at 430 on 2020-08-20
INFO:root:added 2 shares of SPY at 440 on 2020-09-23
INFO:root:sold 2 shares of SPY at 440 on 2021-01-13
INFO:root:BTO 1 shares of SPY at 430 on 2020-08-20
INFO:root:added 2 shares of SPY at 440 on 2020-09-23
INFO:root:sold 2 shares of SPY at 440 on 2021-01-13
INFO:root:BTO 1 shares of SPY at 430 on 2020-08-20
INFO:root:added 2 shares of SPY at 440 on 2020-09-23
INFO:root:sold 2 shares of SPY at 440 on 2021-01-13
INFO:root:BTO 1 shares of SPY at 430 on 2020-08-20
INFO:root:added 2 shares of SPY at 440 on 2020-09-23
INFO:root:sold 2 shares of SPY at 440 on 2021-01-13
INFO:root:BTO 1 shares of SPY at 430 on 2020-08-20
INFO:root:added 2 shares of SPY at 440 on 2020-09-23
INFO:root:sold 2 shares of SPY at 440 on 2021-01-13
INFO:root:BTO 1 shares of SPY at 430 on 2020-08-20
INFO:root:added 2 shares of SPY at 440 on 2020-09-23
INFO:root:sold 2 shares of SPY at 440 on 2021-01-13
INFO:root:BTO 1 shares of SPY at 430 on 2020-08-20
INFO:root:added 2 shares of SPY at 440 on 2020-09-23
INFO:root:sold 2 shares of SPY at 440 on 2021-01-13
INFO:root:BTO 1 shares of SPY at 430 on 2020-08-20
INFO:root:added 2 shares of SPY at 440 on 2020-09-23
INFO:root:sold 2 shares of SPY at 440 on 2021-01-13
INFO:root:BTO 1 shares of SPY at 430 on 2020-08-20
INFO:root:added 2 shares of SPY at 440 on 2020-09-23
INFO:root:sold 2 shares of SPY at 440 on 2021-01-13
INFO:root:BTO 1 shares of SPY at 430 on 2020-08-20
INFO:root:added 2 shares of SPY at 440 on 2020-09-23
INFO:root:sold 2 shares of SPY at 440 on 2021-01-13
INFO:root:BTO 1 shares of SPY at 430 on 2020-08-20
INFO:root:added 2 shares of SPY at 440 on 2020-09-23
INFO:root:sold 2 shares of SPY at 440 on 2021-01-13
INFO:root:BTO 1 shares of SPY at 430 on 2020-08-20
INFO:root:added 2 shares of SPY at 440 on 2020-09-23
INFO:root:sold 2 shares of SPY at 440 on 2021-01-13
INFO:root:BTO 1 shares of SPY at 430 on 2020-08-20
INFO:root:added 2 shares of SPY at 440 on 2020-09-23
INFO:root:sold 2 shares of SPY at 440 on 2021-01-13
INFO:root:BTO 1 shares of SPY at 0 on 2020-02-05
INFO:root:BTO 1 shares of IWM at 0 on 2020-02-05
INFO:root:BTO 1 shares of SPY at 430 on 2020-08-20
INFO:root:added 2 shares of SPY at 440 on 2020-09-23
INFO:root:sold 2 shares of SPY at 440 on 2021-01-13
INFO:root:BTO 1 shares of SPY at 0 on 2020-02-05
INFO:root:BTO 1 shares of IWM at 0 on 2020-02-05
INFO:root:BTO 1 shares of SPY at 430 on 2020-08-20
INFO:root:added 2 shares of SPY at 440 on 2020-09-23
INFO:root:sold 2 shares of SPY at 440 on 2021-01-13
INFO:root:BTO 1 shares of SPY at 0 on 2020-02-05
INFO:root:BTO 1 shares of IWM at 0 on 2020-02-05
INFO:root:BTO 1 shares of SPY at 430 on 2020-08-20
INFO:root:added 2 shares of SPY at 440 on 2020-09-23
INFO:root:sold 2 shares of SPY at 440 on 2021-01-13
INFO:root:BTO 1 shares of SPY at 430 on 2020-08-20
INFO:root:added 2 shares of SPY at 440 on 2020-09-23
INFO:root:sold 2 shares of SPY at 440 on 2021-01-13
INFO:root:BTO 1 shares of SPY at 430 on 2020-08-20
INFO:root:added 2 shares of SPY at 440 on 2020-09-23
INFO:root:sold 2 shares of SPY at 440 on 2021-01-13
INFO:root:BTO 1 shares of SPY at 0 on 2020-02-05
INFO:root:BTO 1 shares of SPY at 430 on 2020-08-20
INFO:root:added 2 shares of SPY at 440 on 2020-09-23
INFO:root:sold 2 shares of SPY at 440 on 2021-01-13
INFO:root:BTO 1 shares of SPY at 0 on 2020-02-05
INFO:root:BTO 1 shares of SPY at 430 on 2020-08-20
INFO:root:added 2 shares of SPY at 440 on 2020-09-23
INFO:root:sold 2 shares of SPY at 440 on 2021-01-13
INFO:root:BTO 1 shares of SPY at 0 on 2020-02-05
INFO:root:BTO 1 shares of IWM at 0 on 2020-02-05
INFO:root:BTO 1 shares of SPY at 430 on 2020-08-20
INFO:root:added 2 shares of SPY at 440 on 2020-09-23
INFO:root:sold 2 shares of SPY at 440 on 2021-01-13
INFO:root:BTO 1 shares of SPY at 0 on 2020-02-05
INFO:root:BTO 1 shares of IWM at 0 on 2020-02-05
INFO:root:BTO 1 shares of SPY at 430 on 2020-08-20
INFO:root:added 2 shares of SPY at 440 on 2020-09-23
INFO:root:sold 2 shares of SPY at 440 on 2021-01-13
INFO:root:BTO 1 shares of SPY at 0 on 2020-02-05
INFO:root:BTO 1 shares of IWM at 0 on 2020-02-05
INFO:root:BTO 1 shares of SPY at 430 on 2020-08-20
INFO:root:added 2 shares of SPY at 440 on 2020-09-23
INFO:root:sold 2 shares of SPY at 440 on 2021-01-13
INFO:root:BTO 1 shares of SPY at 0 on 2020-02-05
INFO:root:BTO 1 shares of IWM at 0 on 2020-02-05
INFO:root:BTO 1 shares of SPY at 430 on 2020-08-20
INFO:root:added 2 shares of SPY at 440 on 2020-09-23
INFO:root:sold 2 shares of SPY at 440 on 2021-01-13
INFO:root:BTO 1 shares of SPY at 0 on 2020-02-05
INFO:root:BTO 1 shares of IWM at 0 on 2020-02-05
INFO:root:BTO 1 shares of SPY at 430 on 2020-08-20
INFO:root:BTO 1 shares of SPY at 430 on 2020-08-20
INFO:root:BTO 1 shares of SPY at 430 on 2020-08-20
INFO:root:BTO 1 shares of SPY at 430 on 2020-08-20
INFO:root:BTO 1 shares of SPY at 430 on 2020-08-20
INFO:root:BTO 1 shares of SPY at 430 on 2020-08-20
INFO:root:BTO 1 shares of SPY at 430 on 2020-08-20
INFO:root:BTO 1 shares of SPY at 430 on 2020-08-20
INFO:root:BTO 1 shares of SPY at 430 on 2020-08-20
INFO:root:BTO 1 shares of SPY at 430 on 2020-08-20
INFO:root:added 2 shares of SPY at 440 on 2020-09-23
INFO:root:BTO 1 shares of SPY at 430 on 2020-08-20
INFO:root:added 2 shares of SPY at 440 on 2021-09-23
INFO:root:BTO 1 shares of SPY at 430 on 2020-08-20
INFO:root:BTO 1 shares of SPY at 430 on 2020-08-20
INFO:root:BTO 0 shares of SPY at 0 on 2020-02-05
INFO:root:BTO 0 shares of SPY at 0 on 2020-02-05
INFO:root:added 15.451536835656533 shares of SPY at 323.5924072265625 on 2020-02-05
INFO:root:BTO 0 shares of IWM at 0 on 2020-02-05
INFO:root:added 30.413293341634617 shares of IWM at 164.40179443359375 on 2020-02-05
INFO:root:BTO 0 shares of SPY at 0 on 2020-02-05
INFO:root:added 15.451536835656533 shares of SPY at 323.5924072265625 on 2020-02-05
INFO:root:BTO 0 shares of IWM at 0 on 2020-02-05
INFO:root:added 30.413293341634617 shares of IWM at 164.40179443359375 on 2020-02-05
INFO:root:BTO 0 shares of SPY at 0 on 2020-02-05
INFO:root:added 15.451536835656533 shares of SPY at 323.5924072265625 on 2020-02-05
INFO:root:BTO 0 shares of IWM at 0 on 2020-02-05
INFO:root:added 30.413293341634617 shares of IWM at 164.40179443359375 on 2020-02-05
INFO:root:BTO 0 shares of SPY at 0 on 2020-02-05
INFO:root:added 15.451536835656533 shares of SPY at 323.5924072265625 on 2020-02-05
INFO:root:BTO 0 shares of IWM at 0 on 2020-02-05
INFO:root:added 30.413293341634617 shares of IWM at 164.40179443359375 on 2020-02-05
INFO:root:BTO 0 shares of SPY at 0 on 2020-02-05
INFO:root:added 15.451536835656533 shares of SPY at 323.5924072265625 on 2020-02-05
INFO:root:BTO 0 shares of IWM at 0 on 2020-02-05
INFO:root:added 30.413293341634617 shares of IWM at 164.40179443359375 on 2020-02-05
INFO:root:BTO 0 shares of SPY at 0 on 2020-02-05
INFO:root:added 15.451536835656533 shares of SPY at 323.5924072265625 on 2020-02-05
INFO:root:BTO 0 shares of IWM at 0 on 2020-02-05
INFO:root:added 30.413293341634617 shares of IWM at 164.40179443359375 on 2020-02-05
INFO:root:BTO 0 shares of SPY at 0 on 2020-02-05
INFO:root:added 15.451536835656533 shares of SPY at 323.5924072265625 on 2020-02-05
INFO:root:BTO 0 shares of IWM at 0 on 2020-02-05
INFO:root:added 30.413293341634617 shares of IWM at 164.40179443359375 on 2020-02-05
INFO:root:BTO 0 shares of SPY at 0 on 2020-02-05
INFO:root:added 15.451536835656533 shares of SPY at 323.5924072265625 on 2020-02-05
INFO:root:BTO 0 shares of IWM at 0 on 2020-02-05
INFO:root:added 30.413293341634617 shares of IWM at 164.40179443359375 on 2020-02-05
INFO:root:BTO 0 shares of SPY at 0 on 2020-02-05
INFO:root:added 15.451536835656533 shares of SPY at 323.5924072265625 on 2020-02-05
INFO:root:BTO 0 shares of IWM at 0 on 2020-02-05
INFO:root:added 30.413293341634617 shares of IWM at 164.40179443359375 on 2020-02-05
INFO:root:BTO 0 shares of SPY at 0 on 2020-02-05
INFO:root:added 15.451536835656533 shares of SPY at 323.5924072265625 on 2020-02-05
INFO:root:BTO 0 shares of IWM at 0 on 2020-02-05
INFO:root:added 30.413293341634617 shares of IWM at 164.40179443359375 on 2020-02-05
INFO:root:BTO 0 shares of SPY at 0 on 2020-02-05
INFO:root:added 15.451536835656533 shares of SPY at 323.5924072265625 on 2020-02-05
INFO:root:BTO 0 shares of IWM at 0 on 2020-02-05
INFO:root:added 30.413293341634617 shares of IWM at 164.40179443359375 on 2020-02-05
INFO:root:BTO 0 shares of SPY at 0 on 2020-02-05
INFO:root:added 15.451536835656533 shares of SPY at 323.5924072265625 on 2020-02-05
INFO:root:BTO 0 shares of IWM at 0 on 2020-02-05
INFO:root:added 30.413293341634617 shares of IWM at 164.40179443359375 on 2020-02-05
INFO:root:BTO 0 shares of SPY at 0 on 2020-02-05
INFO:root:added 15.451536835656533 shares of SPY at 323.5924072265625 on 2020-02-05
INFO:root:BTO 0 shares of IWM at 0 on 2020-02-05
INFO:root:added 30.413293341634617 shares of IWM at 164.40179443359375 on 2020-02-05
INFO:root:BTO 0 shares of SPY at 0 on 2020-02-05
INFO:root:added 15.451536835656533 shares of SPY at 323.5924072265625 on 2020-02-05
INFO:root:BTO 0 shares of IWM at 0 on 2020-02-05
INFO:root:added 30.413293341634617 shares of IWM at 164.40179443359375 on 2020-02-05
INFO:root:BTO 0 shares of SPY at 0 on 2020-02-05
INFO:root:added 15.451536835656533 shares of SPY at 323.5924072265625 on 2020-02-05
INFO:root:BTO 0 shares of IWM at 0 on 2020-02-05
INFO:root:added 30.413293341634617 shares of IWM at 164.40179443359375 on 2020-02-05
INFO:root:BTO 0 shares of SPY at 0 on 2020-02-05
INFO:root:added 15.451536835656533 shares of SPY at 323.5924072265625 on 2020-02-05
INFO:root:BTO 0 shares of IWM at 0 on 2020-02-05
INFO:root:added 30.413293341634617 shares of IWM at 164.40179443359375 on 2020-02-05
INFO:root:BTO 0 shares of SPY at 0 on 2020-02-05
INFO:root:added 15.451536835656533 shares of SPY at 323.5924072265625 on 2020-02-05
INFO:root:BTO 0 shares of IWM at 0 on 2020-02-05
INFO:root:added 30.413293341634617 shares of IWM at 164.40179443359375 on 2020-02-05
INFO:root:BTO 0 shares of SPY at 0 on 2020-02-05
INFO:root:added 15.451536835656533 shares of SPY at 323.5924072265625 on 2020-02-05
INFO:root:BTO 0 shares of IWM at 0 on 2020-02-05
INFO:root:added 30.413293341634617 shares of IWM at 164.40179443359375 on 2020-02-05
INFO:root:BTO 0 shares of SPY at 0 on 2020-02-05
INFO:root:added 15.451536835656533 shares of SPY at 323.5924072265625 on 2020-02-05
INFO:root:BTO 0 shares of IWM at 0 on 2020-02-05
INFO:root:added 30.413293341634617 shares of IWM at 164.40179443359375 on 2020-02-05
INFO:root:BTO 0 shares of SPY at 0 on 2020-02-05
INFO:root:BTO 0 shares of SPY at 0 on 2020-02-05
INFO:root:added 15.451536835656533 shares of SPY at 323.5924072265625 on 2020-02-05
INFO:root:BTO 0 shares of IWM at 0 on 2020-02-05
INFO:root:added 30.413293341634617 shares of IWM at 164.40179443359375 on 2020-02-05
INFO:root:BTO 0 shares of SPY at 0 on 2020-02-05
INFO:root:added 15.451536835656533 shares of SPY at 323.5924072265625 on 2020-02-05
INFO:root:BTO 0 shares of IWM at 0 on 2020-02-05
INFO:root:added 30.413293341634617 shares of IWM at 164.40179443359375 on 2020-02-05
INFO:root:BTO 0 shares of SPY at 0 on 2020-02-05
INFO:root:added 15.451536835656533 shares of SPY at 323.5924072265625 on 2020-02-05
INFO:root:BTO 0 shares of IWM at 0 on 2020-02-05
INFO:root:added 30.413293341634617 shares of IWM at 164.40179443359375 on 2020-02-05
INFO:root:BTO 0 shares of SPY at 0 on 2020-02-05
INFO:root:added 15.451536835656533 shares of SPY at 323.5924072265625 on 2020-02-05
INFO:root:BTO 0 shares of IWM at 0 on 2020-02-05
INFO:root:added 30.413293341634617 shares of IWM at 164.40179443359375 on 2020-02-05
INFO:root:BTO 0 shares of SPY at 0 on 2020-02-05
INFO:root:added 15.451536835656533 shares of SPY at 323.5924072265625 on 2020-02-05
INFO:root:BTO 0 shares of IWM at 0 on 2020-02-05
INFO:root:added 30.413293341634617 shares of IWM at 164.40179443359375 on 2020-02-05
INFO:root:BTO 0 shares of SPY at 0 on 2020-02-05
INFO:root:added 15.451536835656533 shares of SPY at 323.5924072265625 on 2020-02-05
INFO:root:BTO 0 shares of IWM at 0 on 2020-02-05
INFO:root:added 30.413293341634617 shares of IWM at 164.40179443359375 on 2020-02-05
INFO:root:BTO 0 shares of SPY at 0 on 2020-02-05
INFO:root:added 15.451536835656533 shares of SPY at 323.5924072265625 on 2020-02-05
INFO:root:BTO 0 shares of IWM at 0 on 2020-02-05
INFO:root:added 30.413293341634617 shares of IWM at 164.40179443359375 on 2020-02-05
INFO:root:BTO 0 shares of SPY at 0 on 2020-02-05
INFO:root:added 15.451536835656533 shares of SPY at 323.5924072265625 on 2020-02-05
INFO:root:BTO 0 shares of IWM at 0 on 2020-02-05
INFO:root:added 30.413293341634617 shares of IWM at 164.40179443359375 on 2020-02-05
INFO:root:BTO 0 shares of SPY at 0 on 2020-02-05
INFO:root:added 15.451536835656533 shares of SPY at 323.5924072265625 on 2020-02-05
INFO:root:BTO 0 shares of IWM at 0 on 2020-02-05
INFO:root:added 30.413293341634617 shares of IWM at 164.40179443359375 on 2020-02-05
INFO:root:BTO 1 shares of SPY at 0 on 2020-02-05
INFO:root:added 15.451536835656533 shares of SPY at 323.5924072265625 on 2020-02-05
INFO:root:BTO 1 shares of IWM at 0 on 2020-02-05
INFO:root:added 30.413293341634617 shares of IWM at 164.40179443359375 on 2020-02-05
INFO:root:BTO 0 shares of SPY at 0 on 2020-02-05
INFO:root:BTO 0 shares of SPY at 0 on 2020-02-05
INFO:root:added 15.451536835656533 shares of SPY at 323.5924072265625 on 2020-02-05
INFO:root:BTO 0 shares of IWM at 0 on 2020-02-05
INFO:root:added 30.413293341634617 shares of IWM at 164.40179443359375 on 2020-02-05
INFO:root:BTO 0 shares of SPY at 0 on 2020-02-05
INFO:root:added 15.451536835656533 shares of SPY at 323.5924072265625 on 2020-02-05
INFO:root:BTO 0 shares of IWM at 0 on 2020-02-05
INFO:root:added 30.413293341634617 shares of IWM at 164.40179443359375 on 2020-02-05
INFO:root:BTO 2 shares of SPY at 380 on 2021-08-10
INFO:root:BTO 2 shares of SPY at 380 on 2021-08-10
